<?xml version="1.0" encoding="UTF-8"?>
<!-- Generated by org.testng.reporters.JUnitXMLReporter -->
<testsuite ignored="0" hostname="LTIN718030" failures="0" tests="3" name="Default test" time="58.345" errors="0" timestamp="2026-05-13T17:05:46 IST">
  <testcase classname="tests.GoogleTestAutomation" name="testCase1" time="0.914"/>
  <testcase classname="tests.GoogleTestAutomation" name="testCase1" time="0.74"/>
  <testcase classname="tests.GoogleTestAutomation" name="testCase1" time="1.039"/>
</testsuite> <!-- Default test -->
