<?xml version="1.0" encoding="UTF-8"?>
<testng-results ignored="0" total="2" passed="2" failed="0" skipped="0">
  <reporter-output>
  </reporter-output>
  <suite started-at="2026-05-13T15:05:01 IST" name="Suite" finished-at="2026-05-13T15:05:42 IST" duration-ms="40932">
    <groups>
    </groups>
    <test started-at="2026-05-13T15:05:01 IST" name="ChromeTest" finished-at="2026-05-13T15:05:27 IST" duration-ms="25465">
      <class name="tests.GoogleTestAutomation">
        <test-method is-config="true" signature="setUp(java.lang.String)[pri:0, instance:tests.GoogleTestAutomation@78691363]" started-at="2026-05-13T15:05:02 IST" name="setUp" finished-at="2026-05-13T15:05:13 IST" duration-ms="11067" status="PASS">
          <params>
            <param index="0">
              <value>
                <![CDATA[chrome]]>
              </value>
            </param>
          </params>
          <reporter-output>
          </reporter-output>
        </test-method> <!-- setUp -->
        <test-method signature="testCase1()[pri:0, instance:tests.GoogleTestAutomation@78691363]" started-at="2026-05-13T15:05:13 IST" name="testCase1" finished-at="2026-05-13T15:05:13 IST" duration-ms="639" status="PASS">
          <reporter-output>
          </reporter-output>
        </test-method> <!-- testCase1 -->
        <test-method is-config="true" signature="close()[pri:0, instance:tests.GoogleTestAutomation@78691363]" started-at="2026-05-13T15:05:13 IST" name="close" finished-at="2026-05-13T15:05:27 IST" duration-ms="13638" status="PASS">
          <reporter-output>
          </reporter-output>
        </test-method> <!-- close -->
      </class> <!-- tests.GoogleTestAutomation -->
    </test> <!-- ChromeTest -->
    <test started-at="2026-05-13T15:05:27 IST" name="EdgeTest" finished-at="2026-05-13T15:05:42 IST" duration-ms="15253">
      <class name="tests.GoogleTestAutomation">
        <test-method is-config="true" signature="setUp(java.lang.String)[pri:0, instance:tests.GoogleTestAutomation@6ad82709]" started-at="2026-05-13T15:05:27 IST" name="setUp" finished-at="2026-05-13T15:05:36 IST" duration-ms="8931" status="PASS">
          <params>
            <param index="0">
              <value>
                <![CDATA[edge]]>
              </value>
            </param>
          </params>
          <reporter-output>
          </reporter-output>
        </test-method> <!-- setUp -->
        <test-method signature="testCase1()[pri:0, instance:tests.GoogleTestAutomation@6ad82709]" started-at="2026-05-13T15:05:36 IST" name="testCase1" finished-at="2026-05-13T15:05:37 IST" duration-ms="912" status="PASS">
          <reporter-output>
          </reporter-output>
        </test-method> <!-- testCase1 -->
        <test-method is-config="true" signature="close()[pri:0, instance:tests.GoogleTestAutomation@6ad82709]" started-at="2026-05-13T15:05:37 IST" name="close" finished-at="2026-05-13T15:05:42 IST" duration-ms="5380" status="PASS">
          <reporter-output>
          </reporter-output>
        </test-method> <!-- close -->
      </class> <!-- tests.GoogleTestAutomation -->
    </test> <!-- EdgeTest -->
  </suite> <!-- Suite -->
</testng-results>
