<?xml version="1.0" encoding="UTF-8"?>
<testng-results ignored="0" total="1" passed="1" failed="0" skipped="0">
  <reporter-output>
  </reporter-output>
  <suite started-at="2026-05-13T14:40:23 IST" name="Suite" finished-at="2026-05-13T14:40:38 IST" duration-ms="15469">
    <groups>
    </groups>
    <test started-at="2026-05-13T14:40:23 IST" name="Test" finished-at="2026-05-13T14:40:38 IST" duration-ms="15469">
      <class name="tests.GoogleTestAutomation">
        <test-method is-config="true" signature="setUp(java.lang.String)[pri:0, instance:tests.GoogleTestAutomation@78691363]" started-at="2026-05-13T14:40:23 IST" name="setUp" finished-at="2026-05-13T14:40:32 IST" duration-ms="9515" status="PASS">
          <params>
            <param index="0">
              <value>
                <![CDATA[edge]]>
              </value>
            </param>
          </params>
          <reporter-output>
          </reporter-output>
        </test-method> <!-- setUp -->
        <test-method signature="testCase1()[pri:0, instance:tests.GoogleTestAutomation@78691363]" started-at="2026-05-13T14:40:32 IST" name="testCase1" finished-at="2026-05-13T14:40:33 IST" duration-ms="670" status="PASS">
          <reporter-output>
          </reporter-output>
        </test-method> <!-- testCase1 -->
        <test-method is-config="true" signature="close()[pri:0, instance:tests.GoogleTestAutomation@78691363]" started-at="2026-05-13T14:40:33 IST" name="close" finished-at="2026-05-13T14:40:38 IST" duration-ms="5207" status="PASS">
          <reporter-output>
          </reporter-output>
        </test-method> <!-- close -->
      </class> <!-- tests.GoogleTestAutomation -->
    </test> <!-- Test -->
  </suite> <!-- Suite -->
</testng-results>
