<?xml version="1.0" encoding="UTF-8"?>
<!-- Generated by org.testng.reporters.JUnitReportReporter -->
<testsuite hostname="LTIN718030" failures="0" tests="3" name="tests.GoogleTestAutomation" time="57.350" errors="0" timestamp="2026-05-13T17:05:46 IST" skipped="0">
  <testcase classname="tests.GoogleTestAutomation" name="testCase1" time="15.305"/>
  <testcase classname="tests.GoogleTestAutomation" name="testCase1" time="14.909"/>
  <testcase classname="tests.GoogleTestAutomation" name="testCase1" time="27.136"/>
</testsuite> <!-- tests.GoogleTestAutomation -->
